<?xml version="1.0" encoding="UTF-8"?>
<!-- Generated by org.testng.reporters.JUnitReportReporter -->
<testsuite skipped="0" hostname="DESKTOP-TLTN116" name="testCases.TC_002_LoginFunctionality" tests="1" failures="0" timestamp="08 Apr 2021 05:36:16 GMT" time="3.292" errors="0">
  <testcase name="loginFunctionality" time="3.292" classname="testCases.TC_002_LoginFunctionality"/>
</testsuite> <!-- testCases.TC_002_LoginFunctionality -->
