<?xml version="1.0" encoding="UTF-8"?>
<!-- Generated by org.testng.reporters.JUnitReportReporter -->
<testsuite skipped="0" hostname="DESKTOP-TLTN116" name="testCases.TC_003_LoginDDT" tests="4" failures="0" timestamp="08 Apr 2021 05:29:19 GMT" time="38.954" errors="0">
  <testcase name="test_loginDDT" time="11.838" classname="testCases.TC_003_LoginDDT"/>
  <testcase name="test_loginDDT" time="3.517" classname="testCases.TC_003_LoginDDT"/>
  <testcase name="test_loginDDT" time="11.743" classname="testCases.TC_003_LoginDDT"/>
  <testcase name="test_loginDDT" time="11.856" classname="testCases.TC_003_LoginDDT"/>
</testsuite> <!-- testCases.TC_003_LoginDDT -->
